<?xml version="1.0" encoding="UTF-8"?>
<!-- Generated by org.testng.reporters.JUnitXMLReporter -->
<testsuite hostname="YPTEMP04LT" ignored="0" name="Different TestNg Annotation and Features" tests="16" failures="0" timestamp="21 Apr 2019 11:41:34 GMT" time="20.409" errors="0">
  <testcase name="googleTitleTest" time="0.001" classname="TestNG_Programs.TestNGBasics"/>
  <testcase name="googleTitleTest2" time="0.0" classname="TestNG_Programs.TestNGBasics"/>
  <testcase name="ImageTest" time="0.103" classname="TestNG_Programs.GoogleTitleTest"/>
  <testcase name="TitleTest" time="0.025" classname="TestNG_Programs.GoogleTitleTest"/>
  <testcase name="loginTest" time="0.001" classname="TestNG_Programs.TestNgFeatures"/>
  <testcase name="test1" time="0.001" classname="TestNG_Programs.ExceptionTimeOutTest"/>
  <testcase name="sum" time="0.001" classname="TestNG_Programs.InvocationCountTest"/>
  <testcase name="sum" time="0.0" classname="TestNG_Programs.InvocationCountTest"/>
  <testcase name="sum" time="0.0" classname="TestNG_Programs.InvocationCountTest"/>
  <testcase name="sum" time="0.0" classname="TestNG_Programs.InvocationCountTest"/>
  <testcase name="sum" time="0.004" classname="TestNG_Programs.InvocationCountTest"/>
  <testcase name="sum" time="0.0" classname="TestNG_Programs.InvocationCountTest"/>
  <testcase name="sum" time="0.002" classname="TestNG_Programs.InvocationCountTest"/>
  <testcase name="sum" time="0.0" classname="TestNG_Programs.InvocationCountTest"/>
  <testcase name="sum" time="0.001" classname="TestNG_Programs.InvocationCountTest"/>
  <testcase name="sum" time="0.001" classname="TestNG_Programs.InvocationCountTest"/>
</testsuite> <!-- Different TestNg Annotation and Features -->
