<?xml version="1.0" encoding="UTF-8"?>
<!-- Generated by org.testng.reporters.JUnitXMLReporter -->
<testsuite hostname="YPTEMP04LT" ignored="0" name="TestNG_Practice" tests="6" failures="0" timestamp="21 Apr 2019 10:41:11 GMT" time="39.755" errors="0">
  <testcase name="googleTitleTest" time="0.104" classname="TestNG_Programs.GoogleTest"/>
  <testcase name="mailLinkTest" time="0.102" classname="TestNG_Programs.GoogleTest"/>
  <testcase name="googleImageTest" time="0.046" classname="TestNG_Programs.GoogleTest"/>
  <testcase name="test1" time="0.0" classname="TestNG_Programs.GoogleTest"/>
  <testcase name="test2" time="0.0" classname="TestNG_Programs.GoogleTest"/>
  <testcase name="test3" time="0.0" classname="TestNG_Programs.GoogleTest"/>
</testsuite> <!-- TestNG_Practice -->
