<?xml version="1.0" encoding="UTF-8"?>
<testng-results skipped="0" failed="0" ignored="0" total="16" passed="16">
  <reporter-output>
  </reporter-output>
  <suite name="TestNG Practice Suite" duration-ms="20409" started-at="2019-04-21T11:41:13Z" finished-at="2019-04-21T11:41:34Z">
    <groups>
      <group name="Link Test">
        <method signature="GoogleTest.mailLinkTest()[pri:2, instance:TestNG_Programs.GoogleTest@6dde5c8c]" name="mailLinkTest" class="TestNG_Programs.GoogleTest"/>
      </group> <!-- Link Test -->
      <group name="Test">
        <method signature="GoogleTest.test1()[pri:4, instance:TestNG_Programs.GoogleTest@6dde5c8c]" name="test1" class="TestNG_Programs.GoogleTest"/>
        <method signature="GoogleTest.test2()[pri:5, instance:TestNG_Programs.GoogleTest@6dde5c8c]" name="test2" class="TestNG_Programs.GoogleTest"/>
        <method signature="GoogleTest.test3()[pri:6, instance:TestNG_Programs.GoogleTest@6dde5c8c]" name="test3" class="TestNG_Programs.GoogleTest"/>
      </group> <!-- Test -->
      <group name="Title">
        <method signature="GoogleTest.googleTitleTest()[pri:1, instance:TestNG_Programs.GoogleTest@6dde5c8c]" name="googleTitleTest" class="TestNG_Programs.GoogleTest"/>
      </group> <!-- Title -->
      <group name="Logo">
        <method signature="GoogleTest.googleImageTest()[pri:3, instance:TestNG_Programs.GoogleTest@6dde5c8c]" name="googleImageTest" class="TestNG_Programs.GoogleTest"/>
      </group> <!-- Logo -->
    </groups>
    <test name="Different TestNg Annotation and Features" duration-ms="20409" started-at="2019-04-21T11:41:13Z" finished-at="2019-04-21T11:41:34Z">
      <class name="TestNG_Programs.TestNGBasics">
        <test-method status="PASS" signature="setup()[pri:0, instance:TestNG_Programs.TestNGBasics@6fb0d3ed]" name="setup" is-config="true" duration-ms="23" started-at="2019-04-21T11:41:13Z" finished-at="2019-04-21T11:41:13Z">
          <reporter-output>
          </reporter-output>
        </test-method> <!-- setup -->
        <test-method status="PASS" signature="lauchBrowser()[pri:0, instance:TestNG_Programs.TestNGBasics@6fb0d3ed]" name="lauchBrowser" is-config="true" duration-ms="2" started-at="2019-04-21T11:41:13Z" finished-at="2019-04-21T11:41:13Z">
          <reporter-output>
          </reporter-output>
        </test-method> <!-- lauchBrowser -->
        <test-method status="PASS" signature="login()[pri:0, instance:TestNG_Programs.TestNGBasics@6fb0d3ed]" name="login" is-config="true" duration-ms="0" started-at="2019-04-21T11:41:13Z" finished-at="2019-04-21T11:41:13Z">
          <reporter-output>
          </reporter-output>
        </test-method> <!-- login -->
        <test-method status="PASS" signature="googleTitleTest()[pri:0, instance:TestNG_Programs.TestNGBasics@6fb0d3ed]" name="googleTitleTest" duration-ms="1" started-at="2019-04-21T11:41:13Z" finished-at="2019-04-21T11:41:13Z">
          <reporter-output>
          </reporter-output>
        </test-method> <!-- googleTitleTest -->
        <test-method status="PASS" signature="enterURL()[pri:0, instance:TestNG_Programs.TestNGBasics@6fb0d3ed]" name="enterURL" is-config="true" duration-ms="0" started-at="2019-04-21T11:41:13Z" finished-at="2019-04-21T11:41:13Z">
          <reporter-output>
          </reporter-output>
        </test-method> <!-- enterURL -->
        <test-method status="PASS" signature="logout()[pri:0, instance:TestNG_Programs.TestNGBasics@6fb0d3ed]" name="logout" is-config="true" duration-ms="0" started-at="2019-04-21T11:41:13Z" finished-at="2019-04-21T11:41:13Z">
          <reporter-output>
          </reporter-output>
        </test-method> <!-- logout -->
        <test-method status="PASS" signature="logout()[pri:0, instance:TestNG_Programs.TestNGBasics@6fb0d3ed]" name="logout" is-config="true" duration-ms="0" started-at="2019-04-21T11:41:13Z" finished-at="2019-04-21T11:41:13Z">
          <reporter-output>
          </reporter-output>
        </test-method> <!-- logout -->
        <test-method status="PASS" signature="googleTitleTest2()[pri:0, instance:TestNG_Programs.TestNGBasics@6fb0d3ed]" name="googleTitleTest2" duration-ms="0" started-at="2019-04-21T11:41:13Z" finished-at="2019-04-21T11:41:13Z">
          <reporter-output>
          </reporter-output>
        </test-method> <!-- googleTitleTest2 -->
        <test-method status="PASS" signature="enterURL()[pri:0, instance:TestNG_Programs.TestNGBasics@6fb0d3ed]" name="enterURL" is-config="true" duration-ms="0" started-at="2019-04-21T11:41:13Z" finished-at="2019-04-21T11:41:13Z">
          <reporter-output>
          </reporter-output>
        </test-method> <!-- enterURL -->
        <test-method status="PASS" signature="deleteallCookies()[pri:0, instance:TestNG_Programs.TestNGBasics@6fb0d3ed]" name="deleteallCookies" is-config="true" duration-ms="1" started-at="2019-04-21T11:41:13Z" finished-at="2019-04-21T11:41:13Z">
          <reporter-output>
          </reporter-output>
        </test-method> <!-- deleteallCookies -->
        <test-method status="PASS" signature="closeBroswer()[pri:0, instance:TestNG_Programs.TestNGBasics@6fb0d3ed]" name="closeBroswer" is-config="true" duration-ms="1" started-at="2019-04-21T11:41:34Z" finished-at="2019-04-21T11:41:34Z">
          <reporter-output>
          </reporter-output>
        </test-method> <!-- closeBroswer -->
        <test-method status="PASS" signature="generateTestReport()[pri:0, instance:TestNG_Programs.TestNGBasics@6fb0d3ed]" name="generateTestReport" is-config="true" duration-ms="2" started-at="2019-04-21T11:41:34Z" finished-at="2019-04-21T11:41:34Z">
          <reporter-output>
          </reporter-output>
        </test-method> <!-- generateTestReport -->
      </class> <!-- TestNG_Programs.TestNGBasics -->
      <class name="TestNG_Programs.GoogleTitleTest">
        <test-method status="PASS" signature="setup()[pri:0, instance:TestNG_Programs.GoogleTitleTest@5123a213]" name="setup" is-config="true" duration-ms="11288" started-at="2019-04-21T11:41:13Z" finished-at="2019-04-21T11:41:25Z">
          <reporter-output>
          </reporter-output>
        </test-method> <!-- setup -->
        <test-method status="PASS" signature="ImageTest()[pri:0, instance:TestNG_Programs.GoogleTitleTest@5123a213]" name="ImageTest" duration-ms="103" started-at="2019-04-21T11:41:25Z" finished-at="2019-04-21T11:41:25Z">
          <reporter-output>
          </reporter-output>
        </test-method> <!-- ImageTest -->
        <test-method status="PASS" signature="teardown()[pri:0, instance:TestNG_Programs.GoogleTitleTest@5123a213]" name="teardown" is-config="true" duration-ms="797" started-at="2019-04-21T11:41:25Z" finished-at="2019-04-21T11:41:26Z">
          <reporter-output>
          </reporter-output>
        </test-method> <!-- teardown -->
        <test-method status="PASS" signature="setup()[pri:0, instance:TestNG_Programs.GoogleTitleTest@5123a213]" name="setup" is-config="true" duration-ms="7316" started-at="2019-04-21T11:41:26Z" finished-at="2019-04-21T11:41:33Z">
          <reporter-output>
          </reporter-output>
        </test-method> <!-- setup -->
        <test-method status="PASS" signature="TitleTest()[pri:0, instance:TestNG_Programs.GoogleTitleTest@5123a213]" name="TitleTest" duration-ms="25" started-at="2019-04-21T11:41:33Z" finished-at="2019-04-21T11:41:33Z">
          <reporter-output>
          </reporter-output>
        </test-method> <!-- TitleTest -->
        <test-method status="PASS" signature="teardown()[pri:0, instance:TestNG_Programs.GoogleTitleTest@5123a213]" name="teardown" is-config="true" duration-ms="822" started-at="2019-04-21T11:41:33Z" finished-at="2019-04-21T11:41:34Z">
          <reporter-output>
          </reporter-output>
        </test-method> <!-- teardown -->
      </class> <!-- TestNG_Programs.GoogleTitleTest -->
      <class name="TestNG_Programs.TestNgFeatures">
        <test-method status="PASS" signature="loginTest()[pri:0, instance:TestNG_Programs.TestNgFeatures@52525845]" name="loginTest" duration-ms="1" started-at="2019-04-21T11:41:34Z" finished-at="2019-04-21T11:41:34Z">
          <reporter-output>
          </reporter-output>
        </test-method> <!-- loginTest -->
      </class> <!-- TestNG_Programs.TestNgFeatures -->
      <class name="TestNG_Programs.InvocationCountTest">
        <test-method status="PASS" signature="sum()[pri:0, instance:TestNG_Programs.InvocationCountTest@24b1d79b]" name="sum" duration-ms="1" started-at="2019-04-21T11:41:34Z" finished-at="2019-04-21T11:41:34Z">
          <reporter-output>
          </reporter-output>
        </test-method> <!-- sum -->
        <test-method status="PASS" signature="sum()[pri:0, instance:TestNG_Programs.InvocationCountTest@24b1d79b]" name="sum" duration-ms="4" started-at="2019-04-21T11:41:34Z" finished-at="2019-04-21T11:41:34Z">
          <reporter-output>
          </reporter-output>
        </test-method> <!-- sum -->
        <test-method status="PASS" signature="sum()[pri:0, instance:TestNG_Programs.InvocationCountTest@24b1d79b]" name="sum" duration-ms="0" started-at="2019-04-21T11:41:34Z" finished-at="2019-04-21T11:41:34Z">
          <reporter-output>
          </reporter-output>
        </test-method> <!-- sum -->
        <test-method status="PASS" signature="sum()[pri:0, instance:TestNG_Programs.InvocationCountTest@24b1d79b]" name="sum" duration-ms="0" started-at="2019-04-21T11:41:34Z" finished-at="2019-04-21T11:41:34Z">
          <reporter-output>
          </reporter-output>
        </test-method> <!-- sum -->
        <test-method status="PASS" signature="sum()[pri:0, instance:TestNG_Programs.InvocationCountTest@24b1d79b]" name="sum" duration-ms="0" started-at="2019-04-21T11:41:34Z" finished-at="2019-04-21T11:41:34Z">
          <reporter-output>
          </reporter-output>
        </test-method> <!-- sum -->
        <test-method status="PASS" signature="sum()[pri:0, instance:TestNG_Programs.InvocationCountTest@24b1d79b]" name="sum" duration-ms="2" started-at="2019-04-21T11:41:34Z" finished-at="2019-04-21T11:41:34Z">
          <reporter-output>
          </reporter-output>
        </test-method> <!-- sum -->
        <test-method status="PASS" signature="sum()[pri:0, instance:TestNG_Programs.InvocationCountTest@24b1d79b]" name="sum" duration-ms="0" started-at="2019-04-21T11:41:34Z" finished-at="2019-04-21T11:41:34Z">
          <reporter-output>
          </reporter-output>
        </test-method> <!-- sum -->
        <test-method status="PASS" signature="sum()[pri:0, instance:TestNG_Programs.InvocationCountTest@24b1d79b]" name="sum" duration-ms="1" started-at="2019-04-21T11:41:34Z" finished-at="2019-04-21T11:41:34Z">
          <reporter-output>
          </reporter-output>
        </test-method> <!-- sum -->
        <test-method status="PASS" signature="sum()[pri:0, instance:TestNG_Programs.InvocationCountTest@24b1d79b]" name="sum" duration-ms="0" started-at="2019-04-21T11:41:34Z" finished-at="2019-04-21T11:41:34Z">
          <reporter-output>
          </reporter-output>
        </test-method> <!-- sum -->
        <test-method status="PASS" signature="sum()[pri:0, instance:TestNG_Programs.InvocationCountTest@24b1d79b]" name="sum" duration-ms="1" started-at="2019-04-21T11:41:34Z" finished-at="2019-04-21T11:41:34Z">
          <reporter-output>
          </reporter-output>
        </test-method> <!-- sum -->
      </class> <!-- TestNG_Programs.InvocationCountTest -->
      <class name="TestNG_Programs.ExceptionTimeOutTest">
        <test-method status="PASS" signature="test1()[pri:0, instance:TestNG_Programs.ExceptionTimeOutTest@3b94d659]" name="test1" duration-ms="1" started-at="2019-04-21T11:41:34Z" finished-at="2019-04-21T11:41:34Z">
          <exception class="java.lang.NumberFormatException">
            <message>
              <![CDATA[For input string: "100A"]]>
            </message>
            <full-stacktrace>
              <![CDATA[java.lang.NumberFormatException: For input string: "100A"
at java.lang.NumberFormatException.forInputString(NumberFormatException.java:65)
at java.lang.Integer.parseInt(Integer.java:580)
at java.lang.Integer.parseInt(Integer.java:615)
at TestNG_Programs.ExceptionTimeOutTest.test1(ExceptionTimeOutTest.java:22)
at sun.reflect.NativeMethodAccessorImpl.invoke0(Native Method)
at sun.reflect.NativeMethodAccessorImpl.invoke(NativeMethodAccessorImpl.java:62)
at sun.reflect.DelegatingMethodAccessorImpl.invoke(DelegatingMethodAccessorImpl.java:43)
at java.lang.reflect.Method.invoke(Method.java:483)
at org.testng.internal.MethodInvocationHelper.invokeMethod(MethodInvocationHelper.java:124)
at org.testng.internal.Invoker.invokeMethod(Invoker.java:583)
at org.testng.internal.Invoker.invokeTestMethod(Invoker.java:719)
at org.testng.internal.Invoker.invokeTestMethods(Invoker.java:989)
at org.testng.internal.TestMethodWorker.invokeTestMethods(TestMethodWorker.java:125)
at org.testng.internal.TestMethodWorker.run(TestMethodWorker.java:109)
at org.testng.TestRunner.privateRun(TestRunner.java:648)
at org.testng.TestRunner.run(TestRunner.java:505)
at org.testng.SuiteRunner.runTest(SuiteRunner.java:455)
at org.testng.SuiteRunner.runSequentially(SuiteRunner.java:450)
at org.testng.SuiteRunner.privateRun(SuiteRunner.java:415)
at org.testng.SuiteRunner.run(SuiteRunner.java:364)
at org.testng.SuiteRunnerWorker.runSuite(SuiteRunnerWorker.java:52)
at org.testng.SuiteRunnerWorker.run(SuiteRunnerWorker.java:84)
at org.testng.TestNG.runSuitesSequentially(TestNG.java:1208)
at org.testng.TestNG.runSuitesLocally(TestNG.java:1137)
at org.testng.TestNG.runSuites(TestNG.java:1049)
at org.testng.TestNG.run(TestNG.java:1017)
at org.testng.IDEARemoteTestNG.run(IDEARemoteTestNG.java:72)
at org.testng.RemoteTestNGStarter.main(RemoteTestNGStarter.java:127)
at sun.reflect.NativeMethodAccessorImpl.invoke0(Native Method)
at sun.reflect.NativeMethodAccessorImpl.invoke(NativeMethodAccessorImpl.java:62)
at sun.reflect.DelegatingMethodAccessorImpl.invoke(DelegatingMethodAccessorImpl.java:43)
at java.lang.reflect.Method.invoke(Method.java:483)
at com.intellij.rt.execution.application.AppMain.main(AppMain.java:147)
]]>
            </full-stacktrace>
          </exception> <!-- java.lang.NumberFormatException -->
          <reporter-output>
          </reporter-output>
        </test-method> <!-- test1 -->
      </class> <!-- TestNG_Programs.ExceptionTimeOutTest -->
    </test> <!-- Different TestNg Annotation and Features -->
  </suite> <!-- TestNG Practice Suite -->
</testng-results>
